<?xml version="1.0" encoding="UTF-8"?>
<!-- Generated by org.testng.reporters.JUnitReportReporter -->
<testsuite skipped="0" hostname="comp4" name="com.test.application.ApplicationTests" tests="1" failures="0" timestamp="15 Jun 2019 06:02:07 GMT" time="0.044" errors="0">
  <testcase name="contextLoads" time="0.044" classname="com.test.application.ApplicationTests"/>
</testsuite> <!-- com.test.application.ApplicationTests -->
